[36m--[0m OPENCV: 4.2.0 | BOOST: 1.71.0
[36m--[0m PYTHON VERSION: 3.8.10
[36m--[0m PYTHON INCLUDE: /usr/include/python3.8
[36m--[0m PYTHON LIBRARIES: /usr/lib/x86_64-linux-gnu/libpython3.8.so
[36m--[0m Using CATKIN_DEVEL_PREFIX: /catkin_ws/devel/.private/ov_core
[36m--[0m Using CMAKE_PREFIX_PATH: /catkin_ws/devel;/opt/ros/noetic
[36m--[0m This workspace overlays: /catkin_ws/devel;/opt/ros/noetic
[36m--[0m Found PythonInterp: /usr/bin/python3 (found suitable version "3.8.10", minimum required is "3")
[36m--[0m Using PYTHON_EXECUTABLE: /usr/bin/python3
[36m--[0m Using Debian Python package layout
[36m--[0m Using empy: /usr/lib/python3/dist-packages/em.py
[36m--[0m Using CATKIN_ENABLE_TESTING: ON
[36m--[0m Call enable_testing()
[36m--[0m Using CATKIN_TEST_RESULTS_DIR: /catkin_ws/build/ov_core/test_results
[36m--[0m Forcing gtest/gmock from source, though one was otherwise available.
[36m--[0m Found gtest sources under '/usr/src/googletest': gtests will be built
[36m--[0m Found gmock sources under '/usr/src/googletest': gmock will be built
[36m--[0m Found PythonInterp: /usr/bin/python3 (found version "3.8.10")
[36m--[0m Using Python nosetests: /usr/bin/nosetests3
[36m--[0m catkin 0.8.10
[36m--[0m BUILD_SHARED_LIBS is on
[36m--[0m ROS *1* version found, building ROS1.cmake
[36m--[0m Configuring done
[36m--[0m Generating done
[36m--[0m Build files have been written to: /catkin_ws/build/ov_core
